<?xml version="1.0" encoding="UTF-8" ?>
<testsuite tests="9" failures="0" name="com.nix.romanenko.tests.HibernateRoleDaoTest" time="0.218" errors="0" skipped="0">
  <properties>
    <property name="java.runtime.name" value="Java(TM) SE Runtime Environment"/>
    <property name="sun.boot.library.path" value="/home/NIX/romanenko/jdk1.8.0_65/jre/lib/amd64"/>
    <property name="java.vm.version" value="25.65-b01"/>
    <property name="java.vm.vendor" value="Oracle Corporation"/>
    <property name="maven.multiModuleProjectDirectory" value="/home/NIX/romanenko/Documents/StrutsProject"/>
    <property name="java.vendor.url" value="http://java.oracle.com/"/>
    <property name="path.separator" value=":"/>
    <property name="guice.disable.misplaced.annotation.check" value="true"/>
    <property name="java.vm.name" value="Java HotSpot(TM) 64-Bit Server VM"/>
    <property name="file.encoding.pkg" value="sun.io"/>
    <property name="user.country" value="US"/>
    <property name="sun.java.launcher" value="SUN_STANDARD"/>
    <property name="sun.os.patch.level" value="unknown"/>
    <property name="java.vm.specification.name" value="Java Virtual Machine Specification"/>
    <property name="user.dir" value="/home/NIX/romanenko/Documents/StrutsProject"/>
    <property name="java.runtime.version" value="1.8.0_65-b17"/>
    <property name="java.awt.graphicsenv" value="sun.awt.X11GraphicsEnvironment"/>
    <property name="java.endorsed.dirs" value="/home/NIX/romanenko/jdk1.8.0_65/jre/lib/endorsed"/>
    <property name="os.arch" value="amd64"/>
    <property name="java.io.tmpdir" value="/tmp"/>
    <property name="line.separator" value="
"/>
    <property name="java.vm.specification.vendor" value="Oracle Corporation"/>
    <property name="os.name" value="Linux"/>
    <property name="net.sourceforge.cobertura.datafile" value="/home/NIX/romanenko/Documents/StrutsProject/target/cobertura/cobertura.ser"/>
    <property name="classworlds.conf" value="/home/NIX/romanenko/Documents/workspace-sts-3.7.2.RELEASE/.metadata/.plugins/org.eclipse.m2e.launching/launches/m2conf1279084482241305093.tmp"/>
    <property name="sun.jnu.encoding" value="UTF-8"/>
    <property name="java.library.path" value="/usr/java/packages/lib/amd64:/usr/lib64:/lib64:/lib:/usr/lib"/>
    <property name="java.specification.name" value="Java Platform API Specification"/>
    <property name="java.class.version" value="52.0"/>
    <property name="sun.management.compiler" value="HotSpot 64-Bit Tiered Compilers"/>
    <property name="os.version" value="3.13.0-71-generic"/>
    <property name="user.home" value="/home/NIX/romanenko"/>
    <property name="user.timezone" value="Europe/Kiev"/>
    <property name="java.awt.printerjob" value="sun.print.PSPrinterJob"/>
    <property name="java.specification.version" value="1.8"/>
    <property name="file.encoding" value="UTF-8"/>
    <property name="user.name" value="romanenko"/>
    <property name="java.class.path" value="/home/NIX/romanenko/Desktop/sts-bundle/sts-3.7.2.RELEASE/plugins/org.eclipse.m2e.maven.runtime_1.6.2.20150902-0001/jars/plexus-classworlds-2.5.2.jar"/>
    <property name="java.vm.specification.version" value="1.8"/>
    <property name="sun.arch.data.model" value="64"/>
    <property name="java.home" value="/home/NIX/romanenko/jdk1.8.0_65/jre"/>
    <property name="sun.java.command" value="org.codehaus.plexus.classworlds.launcher.Launcher -Pstruts -B clean site"/>
    <property name="java.specification.vendor" value="Oracle Corporation"/>
    <property name="user.language" value="en"/>
    <property name="awt.toolkit" value="sun.awt.X11.XToolkit"/>
    <property name="java.vm.info" value="mixed mode"/>
    <property name="java.version" value="1.8.0_65"/>
    <property name="java.ext.dirs" value="/home/NIX/romanenko/jdk1.8.0_65/jre/lib/ext:/usr/java/packages/lib/ext"/>
    <property name="securerandom.source" value="file:/dev/./urandom"/>
    <property name="sun.boot.class.path" value="/home/NIX/romanenko/jdk1.8.0_65/jre/lib/resources.jar:/home/NIX/romanenko/jdk1.8.0_65/jre/lib/rt.jar:/home/NIX/romanenko/jdk1.8.0_65/jre/lib/sunrsasign.jar:/home/NIX/romanenko/jdk1.8.0_65/jre/lib/jsse.jar:/home/NIX/romanenko/jdk1.8.0_65/jre/lib/jce.jar:/home/NIX/romanenko/jdk1.8.0_65/jre/lib/charsets.jar:/home/NIX/romanenko/jdk1.8.0_65/jre/lib/jfr.jar:/home/NIX/romanenko/jdk1.8.0_65/jre/classes"/>
    <property name="java.vendor" value="Oracle Corporation"/>
    <property name="maven.home" value="/home/NIX/romanenko/Documents/StrutsProject/EMBEDDED"/>
    <property name="file.separator" value="/"/>
    <property name="java.vendor.url.bug" value="http://bugreport.sun.com/bugreport/"/>
    <property name="sun.cpu.endian" value="little"/>
    <property name="sun.io.unicode.encoding" value="UnicodeLittle"/>
    <property name="project.build.outputDirectory" value="/home/NIX/romanenko/Documents/StrutsProject/target/generated-classes/cobertura"/>
    <property name="sun.desktop" value="gnome"/>
    <property name="sun.cpu.isalist" value=""/>
  </properties>
  <testcase classname="com.nix.romanenko.tests.HibernateRoleDaoTest" name="testCreateExists" time="0.019"/>
  <testcase classname="com.nix.romanenko.tests.HibernateRoleDaoTest" name="testRemoveNotExists" time="0.02"/>
  <testcase classname="com.nix.romanenko.tests.HibernateRoleDaoTest" name="testFindByName" time="0.022"/>
  <testcase classname="com.nix.romanenko.tests.HibernateRoleDaoTest" name="testUpdateNull" time="0.018"/>
  <testcase classname="com.nix.romanenko.tests.HibernateRoleDaoTest" name="testRemoveNull" time="0.016"/>
  <testcase classname="com.nix.romanenko.tests.HibernateRoleDaoTest" name="testCreateNull" time="0.016"/>
  <testcase classname="com.nix.romanenko.tests.HibernateRoleDaoTest" name="testCreate" time="0.029"/>
  <testcase classname="com.nix.romanenko.tests.HibernateRoleDaoTest" name="testRemove" time="0.04"/>
  <testcase classname="com.nix.romanenko.tests.HibernateRoleDaoTest" name="testUpdate" time="0.038"/>
</testsuite>